0 info it worked if it ends with ok
1 verbose cli [ '/home/pedro/.nvm/versions/node/v6.6.0/bin/node',
1 verbose cli   '/home/pedro/.nvm/versions/node/v6.6.0/bin/npm',
1 verbose cli   'start' ]
2 info using npm@3.10.3
3 info using node@v6.6.0
4 verbose run-script [ 'prestart', 'start', 'poststart' ]
5 info lifecycle serviceworkers-example@1.0.0~prestart: serviceworkers-example@1.0.0
6 silly lifecycle serviceworkers-example@1.0.0~prestart: no script for prestart, continuing
7 info lifecycle serviceworkers-example@1.0.0~start: serviceworkers-example@1.0.0
8 verbose lifecycle serviceworkers-example@1.0.0~start: unsafe-perm in lifecycle true
9 verbose lifecycle serviceworkers-example@1.0.0~start: PATH: /home/pedro/.nvm/versions/node/v6.6.0/lib/node_modules/npm/bin/node-gyp-bin:/home/pedro/Workspace/serviceworkers-example/node_modules/.bin:/home/pedro/.nvm/versions/node/v6.6.0/bin:/home/pedro/.pyenv/plugins/pyenv-virtualenv/shims:/home/pedro/.pyenv/shims:/opt/apache-maven-3.3.9/bin:/home/pedro/.pyenv/bin:/home/pedro/.gvm/bin:/home/pedro/.nvm/versions/node/v6.6.0/bin:/home/pedro/.rvm/gems/ruby-2.4.0/bin:/home/pedro/.rvm/gems/ruby-2.4.0@global/bin:/home/pedro/.rvm/rubies/ruby-2.4.0/bin:/home/pedro/.pyenv/plugins/pyenv-virtualenv/shims:/home/pedro/.pyenv/shims:/opt/apache-maven-3.3.9/bin:/home/pedro/.pyenv/bin:/home/pedro/.gvm/bin:/usr/local/sbin:/usr/local/bin:/usr/sbin:/usr/bin:/sbin:/bin:/usr/games:/usr/local/games:/snap/bin:/home/pedro/.rvm/bin:/snap/bin:/usr/local/heroku/bin:/home/pedro/.customcommands:/home/pedro/.vimpkg/bin:/home/pedro/Android/Sdk/tools:/home/pedro/Android/Sdk/platform-tools:/home/pedro/.rvm/bin:/home/pedro/.config/composer/vendor/bin:/opt/gradle/gradle-3.4.1/bin:/home/pedro/.rvm/bin:/snap/bin:/usr/local/heroku/bin:/home/pedro/.customcommands:/home/pedro/.vimpkg/bin:/home/pedro/Android/Sdk/tools:/home/pedro/Android/Sdk/platform-tools:/home/pedro/.rvm/bin:/home/pedro/.config/composer/vendor/bin:/opt/gradle/gradle-3.4.1/bin:/home/pedro/.rvm/bin
10 verbose lifecycle serviceworkers-example@1.0.0~start: CWD: /home/pedro/Workspace/serviceworkers-example
11 silly lifecycle serviceworkers-example@1.0.0~start: Args: [ '-c', 'node server.js' ]
12 silly lifecycle serviceworkers-example@1.0.0~start: Returned: code: 1  signal: null
13 info lifecycle serviceworkers-example@1.0.0~start: Failed to exec start script
14 verbose stack Error: serviceworkers-example@1.0.0 start: `node server.js`
14 verbose stack Exit status 1
14 verbose stack     at EventEmitter.<anonymous> (/home/pedro/.nvm/versions/node/v6.6.0/lib/node_modules/npm/lib/utils/lifecycle.js:242:16)
14 verbose stack     at emitTwo (events.js:106:13)
14 verbose stack     at EventEmitter.emit (events.js:191:7)
14 verbose stack     at ChildProcess.<anonymous> (/home/pedro/.nvm/versions/node/v6.6.0/lib/node_modules/npm/lib/utils/spawn.js:40:14)
14 verbose stack     at emitTwo (events.js:106:13)
14 verbose stack     at ChildProcess.emit (events.js:191:7)
14 verbose stack     at maybeClose (internal/child_process.js:877:16)
14 verbose stack     at Process.ChildProcess._handle.onexit (internal/child_process.js:226:5)
15 verbose pkgid serviceworkers-example@1.0.0
16 verbose cwd /home/pedro/Workspace/serviceworkers-example
17 error Linux 4.4.0-36-generic
18 error argv "/home/pedro/.nvm/versions/node/v6.6.0/bin/node" "/home/pedro/.nvm/versions/node/v6.6.0/bin/npm" "start"
19 error node v6.6.0
20 error npm  v3.10.3
21 error code ELIFECYCLE
22 error serviceworkers-example@1.0.0 start: `node server.js`
22 error Exit status 1
23 error Failed at the serviceworkers-example@1.0.0 start script 'node server.js'.
23 error Make sure you have the latest version of node.js and npm installed.
23 error If you do, this is most likely a problem with the serviceworkers-example package,
23 error not with npm itself.
23 error Tell the author that this fails on your system:
23 error     node server.js
23 error You can get information on how to open an issue for this project with:
23 error     npm bugs serviceworkers-example
23 error Or if that isn't available, you can get their info via:
23 error     npm owner ls serviceworkers-example
23 error There is likely additional logging output above.
24 verbose exit [ 1, true ]
